<?xml version="1.0" encoding="UTF-8"?>
<!-- Generated by org.testng.reporters.JUnitReportReporter -->
<testsuite hostname="DESKTOP-80TV0P3" failures="0" tests="2" name="com.mystore.testcases.IndexPageTest" time="16.313" errors="0" timestamp="2022-09-16T01:34:11 IST" skipped="0">
  <testcase classname="com.mystore.testcases.IndexPageTest" name="verifyLogo" time="6.372"/>
  <system-out/>
  <testcase classname="com.mystore.testcases.IndexPageTest" name="verifyTitle" time="9.941"/>
  <system-out/>
</testsuite> <!-- com.mystore.testcases.IndexPageTest -->
