<?xml version="1.0" encoding="UTF-8"?>
<!-- Generated by org.testng.reporters.JUnitReportReporter -->
<testsuite hostname="DESKTOP-80TV0P3" failures="0" tests="1" name="com.mystore.testcases.EndToEndTest" time="83.364" errors="0" timestamp="2022-09-16T01:34:11 IST" skipped="0">
  <testcase classname="com.mystore.testcases.EndToEndTest" name="endToEndTest" time="83.364"/>
  <system-out/>
</testsuite> <!-- com.mystore.testcases.EndToEndTest -->
