<?xml version="1.0" encoding="UTF-8"?>
<!-- Generated by org.testng.reporters.JUnitReportReporter -->
<testsuite hostname="DESKTOP-80TV0P3" failures="0" tests="1" name="com.mystore.testcases.LoginPageTest" time="43.164" errors="0" timestamp="2022-09-16T22:12:06 IST" skipped="0">
  <testcase classname="com.mystore.testcases.LoginPageTest" name="loginTest" time="43.164"/>
  <system-out/>
</testsuite> <!-- com.mystore.testcases.LoginPageTest -->
