<?xml version="1.0" encoding="UTF-8"?>
<!-- Generated by org.testng.reporters.JUnitReportReporter -->
<testsuite hostname="DESKTOP-80TV0P3" failures="0" tests="2" name="com.mystore.testcases.HomePageTest" time="34.750" errors="0" timestamp="2022-09-16T01:34:11 IST" skipped="0">
  <testcase classname="com.mystore.testcases.HomePageTest" name="orderHistoryAndDetailsTest" time="15.491"/>
  <system-out/>
  <testcase classname="com.mystore.testcases.HomePageTest" name="wishListTest" time="19.259"/>
  <system-out/>
</testsuite> <!-- com.mystore.testcases.HomePageTest -->
